[11:19:49] [Server thread/INFO]: Starting minecraft server version 1.14.4
[11:19:49] [Server thread/INFO]: Loading properties
[11:19:50] [Server thread/INFO]: This server is running Paper version git-Paper-160 (MC: 1.14.4) (Implementing API version 1.14.4-R0.1-SNAPSHOT)
[11:19:50] [Server thread/INFO]: Debug logging is disabled
[11:19:50] [Server thread/INFO]: Server Ping Player Sample Count: 12
[11:19:50] [Server thread/INFO]: Using 4 threads for Netty based IO
[11:19:50] [Server thread/INFO]: Default game type: SURVIVAL
[11:19:50] [Server thread/INFO]: Generating keypair
[11:19:52] [Server thread/INFO]: Starting Minecraft server on *:25565
[11:19:52] [Server thread/INFO]: Using default channel type
[11:19:53] [Server thread/INFO]: Server permissions file permissions.yml is empty, ignoring it
[11:19:53] [Server thread/WARN]: **** SERVER IS RUNNING IN OFFLINE/INSECURE MODE!
[11:19:53] [Server thread/WARN]: The server will make no attempt to authenticate usernames. Beware.
[11:19:53] [Server thread/WARN]: While this makes the game possible to play without internet access, it also opens up the ability for hackers to connect with any username they choose.
[11:19:53] [Server thread/WARN]: To change this, set "online-mode" to "true" in the server.properties file.
[11:19:53] [Server thread/INFO]: Preparing level "world"
[11:19:54] [Server thread/INFO]: Reloading ResourceManager: Default, bukkit
[11:20:25] [Server thread/INFO]: Loaded 6 recipes
[11:20:26] [Server thread/INFO]: -------- World Settings For [world] --------
[11:20:26] [Server thread/INFO]: View Distance: 10
[11:20:26] [Server thread/INFO]: Zombie Aggressive Towards Villager: true
[11:20:26] [Server thread/INFO]: Hopper Transfer: 8 Hopper Check: 1 Hopper Amount: 1
[11:20:26] [Server thread/INFO]: Experience Merge Radius: 3.0
[11:20:26] [Server thread/INFO]: Entity Activation Range: An 32 / Mo 32 / Ra 48 / Mi 16 / Tiv true
[11:20:26] [Server thread/INFO]: Entity Tracking Range: Pl 48 / An 48 / Mo 48 / Mi 32 / Other 64
[11:20:26] [Server thread/INFO]: Cactus Growth Modifier: 100%
[11:20:26] [Server thread/INFO]: Cane Growth Modifier: 100%
[11:20:26] [Server thread/INFO]: Melon Growth Modifier: 100%
[11:20:26] [Server thread/INFO]: Mushroom Growth Modifier: 100%
[11:20:26] [Server thread/INFO]: Pumpkin Growth Modifier: 100%
[11:20:26] [Server thread/INFO]: Sapling Growth Modifier: 100%
[11:20:26] [Server thread/INFO]: Beetroot Growth Modifier: 100%
[11:20:26] [Server thread/INFO]: Carrot Growth Modifier: 100%
[11:20:26] [Server thread/INFO]: Potato Growth Modifier: 100%
[11:20:26] [Server thread/INFO]: Wheat Growth Modifier: 100%
[11:20:26] [Server thread/INFO]: NetherWart Growth Modifier: 100%
[11:20:26] [Server thread/INFO]: Vine Growth Modifier: 100%
[11:20:26] [Server thread/INFO]: Cocoa Growth Modifier: 100%
[11:20:26] [Server thread/INFO]: Bamboo Growth Modifier: 100%
[11:20:26] [Server thread/INFO]: SweetBerry Growth Modifier: 100%
[11:20:26] [Server thread/INFO]: Kelp Growth Modifier: 100%
[11:20:26] [Server thread/INFO]: Mob Spawn Range: 8
[11:20:26] [Server thread/INFO]: Allow Zombie Pigmen to spawn from portal blocks: true
[11:20:26] [Server thread/INFO]: Arrow Despawn Rate: 1200
[11:20:26] [Server thread/INFO]: Item Despawn Rate: 6000
[11:20:26] [Server thread/INFO]: Item Merge Radius: 2.5
[11:20:26] [Server thread/INFO]: Custom Map Seeds:  Village: 10387312 Desert: 14357617 Igloo: 14357618 Jungle: 14357619 Swamp: 14357620 Monument: 10387313Ocean: 14357621 Shipwreck: 165745295 Slime: 987234911
[11:20:26] [Server thread/INFO]: Tile Max Tick Time: 50ms Entity max Tick Time: 50ms
[11:20:26] [Server thread/INFO]: Max TNT Explosions: 100
[11:20:26] [Server thread/INFO]: Nerfing mobs spawned from spawners: false
[11:20:26] [Server thread/INFO]: -------- World Settings For [world_nether] --------
[11:20:26] [Server thread/INFO]: View Distance: 10
[11:20:26] [Server thread/INFO]: Zombie Aggressive Towards Villager: true
[11:20:26] [Server thread/INFO]: Hopper Transfer: 8 Hopper Check: 1 Hopper Amount: 1
[11:20:26] [Server thread/INFO]: Experience Merge Radius: 3.0
[11:20:26] [Server thread/INFO]: Entity Activation Range: An 32 / Mo 32 / Ra 48 / Mi 16 / Tiv true
[11:20:26] [Server thread/INFO]: Entity Tracking Range: Pl 48 / An 48 / Mo 48 / Mi 32 / Other 64
[11:20:26] [Server thread/INFO]: Cactus Growth Modifier: 100%
[11:20:26] [Server thread/INFO]: Cane Growth Modifier: 100%
[11:20:26] [Server thread/INFO]: Melon Growth Modifier: 100%
[11:20:26] [Server thread/INFO]: Mushroom Growth Modifier: 100%
[11:20:26] [Server thread/INFO]: Pumpkin Growth Modifier: 100%
[11:20:26] [Server thread/INFO]: Sapling Growth Modifier: 100%
[11:20:26] [Server thread/INFO]: Beetroot Growth Modifier: 100%
[11:20:26] [Server thread/INFO]: Carrot Growth Modifier: 100%
[11:20:26] [Server thread/INFO]: Potato Growth Modifier: 100%
[11:20:26] [Server thread/INFO]: Wheat Growth Modifier: 100%
[11:20:26] [Server thread/INFO]: NetherWart Growth Modifier: 100%
[11:20:26] [Server thread/INFO]: Vine Growth Modifier: 100%
[11:20:26] [Server thread/INFO]: Cocoa Growth Modifier: 100%
[11:20:26] [Server thread/INFO]: Bamboo Growth Modifier: 100%
[11:20:26] [Server thread/INFO]: SweetBerry Growth Modifier: 100%
[11:20:26] [Server thread/INFO]: Kelp Growth Modifier: 100%
[11:20:26] [Server thread/INFO]: Mob Spawn Range: 8
[11:20:26] [Server thread/INFO]: Allow Zombie Pigmen to spawn from portal blocks: true
[11:20:26] [Server thread/INFO]: Arrow Despawn Rate: 1200
[11:20:26] [Server thread/INFO]: Item Despawn Rate: 6000
[11:20:26] [Server thread/INFO]: Item Merge Radius: 2.5
[11:20:26] [Server thread/INFO]: Custom Map Seeds:  Village: 10387312 Desert: 14357617 Igloo: 14357618 Jungle: 14357619 Swamp: 14357620 Monument: 10387313Ocean: 14357621 Shipwreck: 165745295 Slime: 987234911
[11:20:26] [Server thread/INFO]: Tile Max Tick Time: 50ms Entity max Tick Time: 50ms
[11:20:26] [Server thread/INFO]: Max TNT Explosions: 100
[11:20:26] [Server thread/INFO]: Nerfing mobs spawned from spawners: false
[11:20:26] [Server thread/INFO]: -------- World Settings For [world_the_end] --------
[11:20:26] [Server thread/INFO]: View Distance: 10
[11:20:26] [Server thread/INFO]: Zombie Aggressive Towards Villager: true
[11:20:26] [Server thread/INFO]: Hopper Transfer: 8 Hopper Check: 1 Hopper Amount: 1
[11:20:26] [Server thread/INFO]: Experience Merge Radius: 3.0
[11:20:26] [Server thread/INFO]: Entity Activation Range: An 32 / Mo 32 / Ra 48 / Mi 16 / Tiv true
[11:20:26] [Server thread/INFO]: Entity Tracking Range: Pl 48 / An 48 / Mo 48 / Mi 32 / Other 64
[11:20:26] [Server thread/INFO]: Cactus Growth Modifier: 100%
[11:20:26] [Server thread/INFO]: Cane Growth Modifier: 100%
[11:20:26] [Server thread/INFO]: Melon Growth Modifier: 100%
[11:20:26] [Server thread/INFO]: Mushroom Growth Modifier: 100%
[11:20:26] [Server thread/INFO]: Pumpkin Growth Modifier: 100%
[11:20:26] [Server thread/INFO]: Sapling Growth Modifier: 100%
[11:20:26] [Server thread/INFO]: Beetroot Growth Modifier: 100%
[11:20:26] [Server thread/INFO]: Carrot Growth Modifier: 100%
[11:20:26] [Server thread/INFO]: Potato Growth Modifier: 100%
[11:20:26] [Server thread/INFO]: Wheat Growth Modifier: 100%
[11:20:26] [Server thread/INFO]: NetherWart Growth Modifier: 100%
[11:20:26] [Server thread/INFO]: Vine Growth Modifier: 100%
[11:20:26] [Server thread/INFO]: Cocoa Growth Modifier: 100%
[11:20:26] [Server thread/INFO]: Bamboo Growth Modifier: 100%
[11:20:26] [Server thread/INFO]: SweetBerry Growth Modifier: 100%
[11:20:26] [Server thread/INFO]: Kelp Growth Modifier: 100%
[11:20:26] [Server thread/INFO]: Mob Spawn Range: 8
[11:20:26] [Server thread/INFO]: Allow Zombie Pigmen to spawn from portal blocks: true
[11:20:26] [Server thread/INFO]: Arrow Despawn Rate: 1200
[11:20:26] [Server thread/INFO]: Item Despawn Rate: 6000
[11:20:26] [Server thread/INFO]: Item Merge Radius: 2.5
[11:20:26] [Server thread/INFO]: Custom Map Seeds:  Village: 10387312 Desert: 14357617 Igloo: 14357618 Jungle: 14357619 Swamp: 14357620 Monument: 10387313Ocean: 14357621 Shipwreck: 165745295 Slime: 987234911
[11:20:26] [Server thread/INFO]: Tile Max Tick Time: 50ms Entity max Tick Time: 50ms
[11:20:26] [Server thread/INFO]: Max TNT Explosions: 100
[11:20:26] [Server thread/INFO]: Nerfing mobs spawned from spawners: false
[11:20:26] [Server thread/INFO]: Preparing start region for dimension 'world'/minecraft:overworld
[11:20:28] [Server thread/INFO]: Preparing spawn area: 0%
[11:20:28] [Server thread/INFO]: Preparing spawn area: 0%
[11:20:28] [Server thread/INFO]: Preparing spawn area: 0%
[11:20:28] [Server thread/INFO]: Preparing spawn area: 0%
[11:20:28] [Server thread/INFO]: Preparing spawn area: 0%
[11:20:29] [Server-Worker-2/INFO]: Preparing spawn area: 0%
[11:20:30] [Server thread/INFO]: Preparing spawn area: 0%
[11:20:30] [Server thread/INFO]: Preparing spawn area: 0%
[11:20:33] [Server thread/INFO]: Preparing spawn area: 100%
[11:20:33] [Server thread/INFO]: Preparing spawn area: 100%
[11:20:33] [Server thread/INFO]: Preparing spawn area: 100%
[11:20:33] [Server thread/INFO]: Preparing spawn area: 100%
[11:20:33] [Server thread/INFO]: Preparing spawn area: 100%
[11:20:33] [Server thread/INFO]: Preparing spawn area: 100%
[11:20:34] [Server thread/INFO]: Preparing spawn area: 100%
[11:20:34] [Server thread/INFO]: Preparing spawn area: 100%
[11:20:34] [Server thread/INFO]: Loaded 441 spawn chunks for world world
[11:20:34] [Server thread/INFO]: Time elapsed: 7867 ms
[11:20:34] [Server thread/INFO]: Preparing start region for dimension 'world_nether'/minecraft:the_nether
[11:20:35] [Server thread/INFO]: Preparing spawn area: 0%
[11:20:35] [Server thread/INFO]: Preparing spawn area: 0%
[11:20:35] [Server thread/INFO]: Preparing spawn area: 0%
[11:20:36] [Server thread/INFO]: Preparing spawn area: 0%
[11:20:36] [Server thread/INFO]: Preparing spawn area: 43%
[11:20:36] [Server thread/INFO]: Loaded 441 spawn chunks for world world_nether
[11:20:36] [Server thread/INFO]: Time elapsed: 2164 ms
[11:20:36] [Server thread/INFO]: Preparing start region for dimension 'world_the_end'/minecraft:the_end
[11:20:37] [Server thread/INFO]: Preparing spawn area: 0%
[11:20:37] [Server thread/INFO]: Preparing spawn area: 0%
[11:20:37] [Server thread/INFO]: Loaded 441 spawn chunks for world world_the_end
[11:20:37] [Server thread/INFO]: Time elapsed: 1081 ms
[11:20:37] [Server thread/INFO]: Done (44.152s)! For help, type "help"
[11:20:37] [Server thread/INFO]: Timings Reset
[11:20:44] [Server thread/WARN]: Can't keep up! Is the server overloaded? Running 5673ms or 113 ticks behind
[11:21:07] [Paper Watchdog Thread/ERROR]: --- DO NOT REPORT THIS TO PAPER - THIS IS NOT A BUG OR A CRASH  - git-Paper-160 (MC: 1.14.4) ---
[11:21:07] [Paper Watchdog Thread/ERROR]: The server has not responded for 10 seconds! Creating thread dump
[11:21:07] [Paper Watchdog Thread/ERROR]: ------------------------------
[11:21:07] [Paper Watchdog Thread/ERROR]: Server thread dump (Look for plugins here before reporting to Paper!):
[11:21:07] [Paper Watchdog Thread/ERROR]: ------------------------------
[11:21:07] [Paper Watchdog Thread/ERROR]: Current Thread: Server thread
[11:21:07] [Paper Watchdog Thread/ERROR]: 	PID: 20 | Suspended: false | Native: false | State: RUNNABLE
[11:21:07] [Paper Watchdog Thread/ERROR]: 	Stack:
[11:21:07] [Paper Watchdog Thread/ERROR]: 		org.bukkit.craftbukkit.v1_14_R1.util.CraftLegacy.<clinit>(CraftLegacy.java:429)
[11:21:07] [Paper Watchdog Thread/ERROR]: 		org.bukkit.craftbukkit.v1_14_R1.util.CraftMagicNumbers.key(CraftMagicNumbers.java:121)
[11:21:07] [Paper Watchdog Thread/ERROR]: 		org.bukkit.craftbukkit.v1_14_R1.util.CraftMagicNumbers.<clinit>(CraftMagicNumbers.java:93)
[11:21:07] [Paper Watchdog Thread/ERROR]: 		org.bukkit.craftbukkit.v1_14_R1.block.CraftBlock.getType(CraftBlock.java:211)
[11:21:07] [Paper Watchdog Thread/ERROR]: 		net.minecraft.server.v1_14_R1.Entity.move(Entity.java:622)
[11:21:07] [Paper Watchdog Thread/ERROR]: 		net.minecraft.server.v1_14_R1.EntityLiving.e(EntityLiving.java:2208)
[11:21:07] [Paper Watchdog Thread/ERROR]: 		net.minecraft.server.v1_14_R1.EntityPig.e(EntityPig.java:231)
[11:21:07] [Paper Watchdog Thread/ERROR]: 		net.minecraft.server.v1_14_R1.EntityLiving.movementTick(EntityLiving.java:2559)
[11:21:07] [Paper Watchdog Thread/ERROR]: 		net.minecraft.server.v1_14_R1.EntityInsentient.movementTick(EntityInsentient.java:504)
[11:21:07] [Paper Watchdog Thread/ERROR]: 		net.minecraft.server.v1_14_R1.EntityAgeable.movementTick(EntityAgeable.java:155)
[11:21:07] [Paper Watchdog Thread/ERROR]: 		net.minecraft.server.v1_14_R1.EntityAnimal.movementTick(EntityAnimal.java:28)
[11:21:07] [Paper Watchdog Thread/ERROR]: 		net.minecraft.server.v1_14_R1.EntityLiving.tick(EntityLiving.java:2321)
[11:21:07] [Paper Watchdog Thread/ERROR]: 		net.minecraft.server.v1_14_R1.EntityInsentient.tick(EntityInsentient.java:275)
[11:21:07] [Paper Watchdog Thread/ERROR]: 		net.minecraft.server.v1_14_R1.WorldServer.entityJoinedWorld(WorldServer.java:584)
[11:21:07] [Paper Watchdog Thread/ERROR]: 		net.minecraft.server.v1_14_R1.WorldServer$$Lambda$2645/1031167240.accept(Unknown Source)
[11:21:07] [Paper Watchdog Thread/ERROR]: 		net.minecraft.server.v1_14_R1.World.a(World.java:936)
[11:21:07] [Paper Watchdog Thread/ERROR]: 		net.minecraft.server.v1_14_R1.WorldServer.doTick(WorldServer.java:356)
[11:21:07] [Paper Watchdog Thread/ERROR]: 		net.minecraft.server.v1_14_R1.MinecraftServer.b(MinecraftServer.java:1207)
[11:21:07] [Paper Watchdog Thread/ERROR]: 		net.minecraft.server.v1_14_R1.DedicatedServer.b(DedicatedServer.java:417)
[11:21:07] [Paper Watchdog Thread/ERROR]: 		net.minecraft.server.v1_14_R1.MinecraftServer.a(MinecraftServer.java:1074)
[11:21:07] [Paper Watchdog Thread/ERROR]: 		net.minecraft.server.v1_14_R1.MinecraftServer.run(MinecraftServer.java:918)
[11:21:07] [Paper Watchdog Thread/ERROR]: 		java.lang.Thread.run(Unknown Source)
[11:21:07] [Paper Watchdog Thread/ERROR]: ------------------------------
[11:21:07] [Paper Watchdog Thread/ERROR]: --- DO NOT REPORT THIS TO PAPER - THIS IS NOT A BUG OR A CRASH ---
[11:21:07] [Paper Watchdog Thread/ERROR]: ------------------------------
[11:21:23] [Server thread/WARN]: Can't keep up! Is the server overloaded? Running 9506ms or 190 ticks behind
[11:22:04] [Server thread/WARN]: Can't keep up! Is the server overloaded? Running 10412ms or 208 ticks behind
[11:51:51] [User Authenticator #1/INFO]: UUID of player haibara is 0c6a83e6-eac8-30f0-a2c7-68901755600b
[11:51:52] [Server thread/INFO]: haibara[/127.0.0.1:64743] logged in with entity id 1027 at ([world]-4777.5614082894745, 63.0, -379.6083197368239)
[11:51:57] [Server thread/WARN]: Can't keep up! Is the server overloaded? Running 5305ms or 106 ticks behind
[11:52:55] [Server thread/WARN]: Can't keep up! Is the server overloaded? Running 28384ms or 567 ticks behind
[11:53:07] [Server thread/INFO]: haibara lost connection: Disconnected
[11:53:08] [Server thread/INFO]: haibara left the game
[11:58:18] [Server thread/INFO]: Stopping the server
[11:58:18] [Server thread/INFO]: Stopping server
[11:58:18] [Server thread/INFO]: Saving players
[11:58:18] [Server thread/INFO]: Saving worlds
[11:58:18] [Server thread/INFO]: Saving chunks for level 'world'/minecraft:overworld
[11:58:19] [Server thread/INFO]: ThreadedAnvilChunkStorage (world): All chunks are saved
[11:58:19] [Server thread/INFO]: Saving chunks for level 'world_nether'/minecraft:the_nether
[11:58:19] [Server thread/INFO]: ThreadedAnvilChunkStorage (DIM-1): All chunks are saved
[11:58:19] [Server thread/INFO]: Saving chunks for level 'world_the_end'/minecraft:the_end
[11:58:19] [Server thread/INFO]: ThreadedAnvilChunkStorage (DIM1): All chunks are saved
[11:58:19] [Server thread/INFO]: ThreadedAnvilChunkStorage (world): All chunks are saved
[11:58:19] [Server thread/INFO]: ThreadedAnvilChunkStorage (DIM-1): All chunks are saved
[11:58:20] [Server thread/INFO]: ThreadedAnvilChunkStorage (DIM1): All chunks are saved
